<?xml version="1.0" encoding="UTF-8"?>
<testsuite name="com.sp.fc.Test1" tests="1" skipped="0" failures="0" errors="0" timestamp="2021-04-26T15:27:38" hostname="DESKTOP-VNI5IAD" time="0.044">
  <properties/>
  <testcase name="1. 테스트" classname="com.sp.fc.Test1" time="0.044"/>
  <system-out><![CDATA[]]></system-out>
  <system-err><![CDATA[]]></system-err>
</testsuite>
